Change Component Designator: Old Designator=C? New Designator=C500
Change Component Designator: Old Designator=C? New Designator=C501
Change Component Designator: Old Designator=C? New Designator=C502
Change Component Designator: Old Designator=C? New Designator=C503
Change Component Designator: Old Designator=C? New Designator=C504
Change Component Designator: Old Designator=C? New Designator=C505
Change Component Designator: Old Designator=C? New Designator=C506
Change Component Designator: Old Designator=C? New Designator=C507
Change Component Designator: Old Designator=C? New Designator=C508
Change Component Designator: Old Designator=C? New Designator=C509
Change Component Designator: Old Designator=C? New Designator=C510
Change Component Designator: Old Designator=D? New Designator=D500
Change Component Designator: Old Designator=D? New Designator=D501
Change Component Designator: Old Designator=D? New Designator=D502
Change Component Designator: Old Designator=LED? New Designator=LED500
Change Component Designator: Old Designator=Q? New Designator=Q500
Change Component Designator: Old Designator=Q? New Designator=Q501
Change Component Designator: Old Designator=Q? New Designator=Q502
Change Component Designator: Old Designator=Q? New Designator=Q503
Change Component Designator: Old Designator=R? New Designator=R500
Change Component Designator: Old Designator=R? New Designator=R501
Change Component Designator: Old Designator=R? New Designator=R502
Change Component Designator: Old Designator=R? New Designator=R503
Change Component Designator: Old Designator=R? New Designator=R504
Change Component Designator: Old Designator=R? New Designator=R505
Change Component Designator: Old Designator=R? New Designator=R506
Change Component Designator: Old Designator=R? New Designator=R507
Change Component Designator: Old Designator=R? New Designator=R508
Change Component Designator: Old Designator=SJ? New Designator=SJ500
Change Component Designator: Old Designator=SJ? New Designator=SJ501
Change Component Designator: Old Designator=U? New Designator=U500
Change Component Designator: Old Designator=U? New Designator=U501
Change Component Designator: Old Designator=U? New Designator=U502
